@!@!@STARTMSG 2262:0 @!@!@
TLC2 Version 2.13 of 18 July 2018
@!@!@ENDMSG 2262 @!@!@
@!@!@STARTMSG 2187:0 @!@!@
Running breadth-first search Model-Checking with seed 4286367567132192640 with 4 workers on 8 cores with 1214MB heap and 2730MB offheap memory (Mac OS X 10.13.6 x86_64, Oracle Corporation 1.8.0_162 x86_64).
@!@!@ENDMSG 2187 @!@!@
@!@!@STARTMSG 2220:0 @!@!@
Starting SANY...
@!@!@ENDMSG 2220 @!@!@
Parsing file /Users/dsherry/development/recurse2018/telepath/tla/main.toolbox/Model_1/MC.tla
Parsing file /Users/dsherry/development/recurse2018/telepath/tla/main.toolbox/Model_1/main.tla
Parsing file /Applications/TLA+ Toolbox.app/Contents/Eclipse/plugins/org.lamport.tlatools_1.0.0.201807180447/tla2sany/StandardModules/TLC.tla
Parsing file /Applications/TLA+ Toolbox.app/Contents/Eclipse/plugins/org.lamport.tlatools_1.0.0.201807180447/tla2sany/StandardModules/Integers.tla
Parsing file /Applications/TLA+ Toolbox.app/Contents/Eclipse/plugins/org.lamport.tlatools_1.0.0.201807180447/tla2sany/StandardModules/Sequences.tla
Parsing file /Applications/TLA+ Toolbox.app/Contents/Eclipse/plugins/org.lamport.tlatools_1.0.0.201807180447/tla2sany/StandardModules/Naturals.tla
Parsing file /Applications/TLA+ Toolbox.app/Contents/Eclipse/plugins/org.lamport.tlatools_1.0.0.201807180447/tla2sany/StandardModules/FiniteSets.tla
Semantic processing of module Naturals
Semantic processing of module Sequences
Semantic processing of module FiniteSets
Semantic processing of module TLC
Semantic processing of module Integers
Semantic processing of module main
Semantic processing of module MC
@!@!@STARTMSG 2219:0 @!@!@
SANY finished.
@!@!@ENDMSG 2219 @!@!@
@!@!@STARTMSG 2185:0 @!@!@
Starting... (2018-11-16 13:11:48)
@!@!@ENDMSG 2185 @!@!@
@!@!@STARTMSG 2189:0 @!@!@
Computing initial states...
@!@!@ENDMSG 2189 @!@!@
@!@!@STARTMSG 2190:0 @!@!@
Finished computing initial states: 1 distinct state generated.
@!@!@ENDMSG 2190 @!@!@
<<"char: ", 1>>
<<"char: ", 1>>
<<"char: ", 1>>
<<"char: ", 1>>
<<"before update: ", <<>>>>
<<"before update: ", <<>>>>
<<"before update: ", <<>>>>
<<"after_update: ", <<1>>>>
<<"before update: ", <<>>>>
<<"after_update: ", <<1>>>>
<<"char: ", 2>>
<<"after_update: ", <<1>>>>
<<"char: ", 2>>
<<"before update: ", <<>>>>
<<"after_update: ", <<1>>>>
<<"before update: ", <<>>>>
<<"char: ", 2>>
<<"char: ", 2>>
<<"after_update: ", <<2>>>>
<<"before update: ", <<>>>>
<<"after_update: ", <<2>>>>
<<"char: ", 3>>
<<"before update: ", <<>>>>
<<"after_update: ", <<2>>>>
<<"before update: ", <<>>>>
<<"char: ", 3>>
<<"after_update: ", <<2>>>>
<<"before update: ", <<>>>>
<<"char: ", 3>>
<<"after_update: ", <<3>>>>
<<"char: ", 3>>
<<"after_update: ", <<3>>>>
<<"before update: ", <<>>>>
<<"before update: ", <<>>>>
<<"after_update: ", <<3>>>>
<<"after_update: ", <<3>>>>
<<"char: ", 1>>
<<"before update: ", <<>>>>
<<"char: ", 1>>
<<"after_update: ", <<1>>>>
<<"before update: ", <<>>>>
<<"char: ", 2>>
<<"after_update: ", <<1>>>>
<<"before update: ", <<>>>>
<<"char: ", 2>>
<<"after_update: ", <<2>>>>
<<"before update: ", <<>>>>
<<"char: ", 3>>
<<"after_update: ", <<2>>>>
<<"before update: ", <<>>>>
<<"char: ", 3>>
<<"after_update: ", <<3>>>>
<<"before update: ", <<>>>>
<<"after_update: ", <<3>>>>
<<"char: ", 1>>
<<"before update: ", <<>>>>
<<"after_update: ", <<1>>>>
<<"char: ", 2>>
<<"before update: ", <<>>>>
<<"after_update: ", <<2>>>>
<<"char: ", 3>>
<<"before update: ", <<>>>>
<<"after_update: ", <<3>>>>
<<"char: ", 1>>
<<"before update: ", <<>>>>
<<"after_update: ", <<1>>>>
<<"char: ", 2>>
<<"before update: ", <<>>>>
<<"after_update: ", <<2>>>>
<<"char: ", 3>>
<<"before update: ", <<>>>>
<<"after_update: ", <<3>>>>
<<"char: ", 1>>
<<"before update: ", <<>>>>
<<"char: ", 1>>
<<"after_update: ", <<1>>>>
<<"char: ", 2>>
<<"before update: ", <<>>>>
<<"before update: ", <<>>>>
<<"after_update: ", <<2>>>>
<<"after_update: ", <<1>>>>
<<"char: ", 3>>
<<"char: ", 2>>
<<"before update: ", <<>>>>
<<"before update: ", <<>>>>
<<"char: ", 1>>
<<"after_update: ", <<3>>>>
<<"after_update: ", <<2>>>>
<<"char: ", 3>>
<<"before update: ", <<>>>>
<<"before update: ", <<>>>>
<<"after_update: ", <<3>>>>
<<"char: ", 1>>
<<"before update: ", <<>>>>
<<"after_update: ", <<1>>>>
<<"char: ", 2>>
<<"before update: ", <<>>>>
<<"char: ", 1>>
<<"after_update: ", <<1>>>>
<<"after_update: ", <<2>>>>
<<"char: ", 2>>
<<"char: ", 3>>
<<"before update: ", <<>>>>
<<"before update: ", <<>>>>
<<"char: ", 1>>
<<"before update: ", <<>>>>
<<"after_update: ", <<1>>>>
<<"before update: ", <<1>>>>
<<"after_update: ", <<2>>>>
<<"after_update: ", <<3>>>>
<<"char: ", 2>>
<<"after_update: ", <<1, 1>>>>
<<"before update: ", <<>>>>
<<"char: ", 2>>
<<"after_update: ", <<2>>>>
<<"before update: ", <<1>>>>
<<"char: ", 3>>
<<"char: ", 3>>
<<"before update: ", <<>>>>
<<"before update: ", <<>>>>
<<"after_update: ", <<1, 2>>>>
<<"after_update: ", <<3>>>>
<<"char: ", 3>>
<<"before update: ", <<1>>>>
<<"after_update: ", <<1, 3>>>>
<<"char: ", 1>>
<<"before update: ", <<1>>>>
<<"after_update: ", <<3>>>>
<<"char: ", 1>>
<<"before update: ", <<>>>>
<<"after_update: ", <<1>>>>
<<"char: ", 2>>
<<"after_update: ", <<1, 1>>>>
<<"before update: ", <<>>>>
<<"char: ", 2>>
<<"before update: ", <<1>>>>
<<"char: ", 1>>
<<"after_update: ", <<1, 2>>>>
<<"before update: ", <<>>>>
<<"after_update: ", <<2>>>>
<<"after_update: ", <<1>>>>
<<"char: ", 3>>
<<"char: ", 2>>
<<"before update: ", <<>>>>
<<"before update: ", <<1>>>>
<<"char: ", 3>>
<<"after_update: ", <<1, 3>>>>
<<"char: ", 1>>
<<"after_update: ", <<2>>>>
<<"before update: ", <<>>>>
<<"after_update: ", <<1>>>>
<<"char: ", 2>>
<<"before update: ", <<>>>>
<<"char: ", 3>>
<<"after_update: ", <<2>>>>
<<"before update: ", <<>>>>
<<"char: ", 3>>
<<"before update: ", <<>>>>
<<"after_update: ", <<3>>>>
<<"after_update: ", <<3>>>>
<<"before update: ", <<>>>>
<<"after_update: ", <<3>>>>
<<"char: ", 1>>
<<"before update: ", <<2>>>>
<<"after_update: ", <<2, 1>>>>
<<"char: ", 2>>
<<"before update: ", <<2>>>>
<<"after_update: ", <<2, 2>>>>
<<"char: ", 3>>
<<"before update: ", <<2>>>>
<<"after_update: ", <<2, 3>>>>
<<"char: ", 1>>
<<"before update: ", <<>>>>
<<"after_update: ", <<1>>>>
<<"char: ", 2>>
<<"before update: ", <<>>>>
<<"after_update: ", <<2>>>>
<<"char: ", 1>>
<<"before update: ", <<>>>>
<<"after_update: ", <<1>>>>
<<"char: ", 2>>
<<"before update: ", <<>>>>
<<"char: ", 1>>
<<"after_update: ", <<2>>>>
<<"before update: ", <<1>>>>
<<"char: ", 3>>
<<"after_update: ", <<1, 1>>>>
<<"char: ", 2>>
<<"before update: ", <<1>>>>
<<"after_update: ", <<1, 2>>>>
<<"char: ", 3>>
<<"before update: ", <<1>>>>
<<"after_update: ", <<1, 3>>>>
<<"char: ", 3>>
<<"char: ", 1>>
<<"before update: ", <<>>>>
<<"before update: ", <<2>>>>
<<"after_update: ", <<3>>>>
<<"after_update: ", <<2, 1>>>>
<<"char: ", 2>>
<<"before update: ", <<2>>>>
<<"after_update: ", <<2, 2>>>>
<<"char: ", 3>>
<<"before update: ", <<2>>>>
<<"after_update: ", <<2, 3>>>>
<<"before update: ", <<>>>>
<<"char: ", 1>>
<<"before update: ", <<>>>>
<<"after_update: ", <<3>>>>
<<"after_update: ", <<1>>>>
<<"char: ", 2>>
<<"before update: ", <<>>>>
<<"after_update: ", <<2>>>>
<<"char: ", 3>>
<<"before update: ", <<>>>>
<<"after_update: ", <<3>>>>
<<"char: ", 1>>
<<"char: ", 1>>
<<"before update: ", <<3>>>>
<<"before update: ", <<>>>>
<<"after_update: ", <<3, 1>>>>
<<"after_update: ", <<1>>>>
<<"char: ", 2>>
<<"before update: ", <<3>>>>
<<"after_update: ", <<3, 2>>>>
<<"char: ", 3>>
<<"before update: ", <<3>>>>
<<"after_update: ", <<3, 3>>>>
<<"char: ", 2>>
<<"before update: ", <<>>>>
<<"after_update: ", <<2>>>>
<<"char: ", 3>>
<<"before update: ", <<>>>>
<<"after_update: ", <<3>>>>
<<"char: ", 1>>
<<"char: ", 1>>
<<"before update: ", <<1>>>>
<<"after_update: ", <<1, 1>>>>
<<"char: ", 2>>
<<"before update: ", <<3>>>>
<<"before update: ", <<1>>>>
<<"after_update: ", <<3, 1>>>>
<<"char: ", 2>>
<<"char: ", 1>>
<<"before update: ", <<3>>>>
<<"after_update: ", <<1, 2>>>>
<<"before update: ", <<>>>>
<<"char: ", 3>>
<<"before update: ", <<1>>>>
<<"after_update: ", <<3, 2>>>>
<<"after_update: ", <<1, 3>>>>
<<"char: ", 3>>
<<"before update: ", <<3>>>>
<<"after_update: ", <<3, 3>>>>
<<"char: ", 1>>
<<"before update: ", <<2>>>>
<<"after_update: ", <<2, 1>>>>
<<"char: ", 2>>
<<"before update: ", <<2>>>>
<<"after_update: ", <<1>>>>
<<"char: ", 2>>
<<"before update: ", <<>>>>
<<"after_update: ", <<2>>>>
<<"char: ", 1>>
<<"before update: ", <<3>>>>
<<"after_update: ", <<2, 2>>>>
<<"after_update: ", <<3, 1>>>>
<<"char: ", 3>>
<<"char: ", 2>>
<<"before update: ", <<3>>>>
<<"after_update: ", <<3, 2>>>>
<<"char: ", 3>>
<<"char: ", 1>>
<<"before update: ", <<2>>>>
<<"before update: ", <<2>>>>
<<"before update: ", <<>>>>
<<"after_update: ", <<2, 1>>>>
<<"after_update: ", <<3>>>>
<<"char: ", 3>>
<<"char: ", 2>>
<<"before update: ", <<3>>>>
<<"before update: ", <<2>>>>
<<"after_update: ", <<3, 3>>>>
<<"after_update: ", <<2, 2>>>>
<<"char: ", 3>>
<<"before update: ", <<2>>>>
<<"after_update: ", <<2, 3>>>>
<<"after_update: ", <<2, 3>>>>
<<"char: ", 1>>
<<"before update: ", <<3>>>>
<<"after_update: ", <<3, 1>>>>
<<"char: ", 2>>
<<"before update: ", <<3>>>>
<<"after_update: ", <<3, 2>>>>
<<"char: ", 3>>
<<"before update: ", <<3>>>>
<<"char: ", 1>>
<<"before update: ", <<>>>>
<<"after_update: ", <<1>>>>
<<"char: ", 2>>
<<"char: ", 1>>
<<"after_update: ", <<3, 3>>>>
<<"before update: ", <<>>>>
<<"before update: ", <<>>>>
<<"after_update: ", <<1>>>>
<<"after_update: ", <<2>>>>
<<"char: ", 2>>
<<"char: ", 3>>
<<"before update: ", <<>>>>
<<"before update: ", <<>>>>
<<"after_update: ", <<2>>>>
<<"after_update: ", <<3>>>>
<<"char: ", 3>>
<<"before update: ", <<>>>>
<<"after_update: ", <<3>>>>
<<"char: ", 1>>
<<"before update: ", <<1>>>>
<<"after_update: ", <<1, 1>>>>
<<"char: ", 2>>
<<"char: ", 1>>
<<"before update: ", <<1>>>>
<<"before update: ", <<1>>>>
<<"after_update: ", <<1, 1>>>>
<<"char: ", 2>>
<<"before update: ", <<1>>>>
<<"after_update: ", <<1, 2>>>>
<<"after_update: ", <<1, 2>>>>
<<"char: ", 3>>
<<"char: ", 3>>
<<"before update: ", <<1>>>>
<<"before update: ", <<1>>>>
<<"after_update: ", <<1, 3>>>>
<<"after_update: ", <<1, 3>>>>
<<"char: ", 1>>
<<"before update: ", <<1>>>>
<<"char: ", 1>>
<<"after_update: ", <<1, 1>>>>
<<"before update: ", <<>>>>
<<"after_update: ", <<1>>>>
<<"char: ", 2>>
<<"char: ", 2>>
<<"before update: ", <<>>>>
<<"after_update: ", <<2>>>>
<<"char: ", 3>>
<<"before update: ", <<1>>>>
<<"before update: ", <<>>>>
<<"after_update: ", <<1, 2>>>>
<<"after_update: ", <<3>>>>
<<"char: ", 3>>
<<"before update: ", <<1>>>>
<<"after_update: ", <<1, 3>>>>
<<"char: ", 1>>
<<"char: ", 1>>
<<"before update: ", <<>>>>
<<"before update: ", <<2>>>>
<<"after_update: ", <<1>>>>
<<"after_update: ", <<2, 1>>>>
<<"char: ", 2>>
<<"before update: ", <<2>>>>
<<"char: ", 1>>
<<"after_update: ", <<2, 2>>>>
<<"before update: ", <<>>>>
<<"after_update: ", <<1>>>>
<<"char: ", 2>>
<<"before update: ", <<>>>>
<<"char: ", 3>>
<<"before update: ", <<2>>>>
<<"after_update: ", <<2>>>>
<<"char: ", 3>>
<<"after_update: ", <<2, 3>>>>
<<"before update: ", <<>>>>
<<"after_update: ", <<3>>>>
<<"char: ", 2>>
<<"before update: ", <<>>>>
<<"char: ", 1>>
<<"before update: ", <<>>>>
<<"after_update: ", <<2>>>>
<<"after_update: ", <<1>>>>
<<"char: ", 2>>
<<"before update: ", <<>>>>
<<"after_update: ", <<2>>>>
<<"char: ", 3>>
<<"before update: ", <<>>>>
<<"char: ", 1>>
<<"before update: ", <<>>>>
<<"char: ", 1>>
<<"before update: ", <<>>>>
<<"after_update: ", <<3>>>>
<<"after_update: ", <<1>>>>
<<"char: ", 3>>
<<"after_update: ", <<1>>>>
<<"char: ", 2>>
<<"before update: ", <<>>>>
<<"char: ", 2>>
<<"before update: ", <<>>>>
<<"after_update: ", <<2>>>>
<<"char: ", 3>>
<<"before update: ", <<>>>>
<<"char: ", 1>>
<<"before update: ", <<1>>>>
<<"after_update: ", <<2>>>>
<<"after_update: ", <<1, 1>>>>
<<"char: ", 3>>
<<"char: ", 2>>
<<"before update: ", <<>>>>
<<"before update: ", <<1>>>>
<<"after_update: ", <<3>>>>
<<"after_update: ", <<1, 2>>>>
<<"char: ", 3>>
<<"before update: ", <<>>>>
<<"before update: ", <<1>>>>
<<"after_update: ", <<1, 3>>>>
<<"after_update: ", <<3>>>>
<<"char: ", 1>>
<<"before update: ", <<3>>>>
<<"after_update: ", <<3, 1>>>>
<<"char: ", 2>>
<<"before update: ", <<3>>>>
<<"after_update: ", <<3, 2>>>>
<<"char: ", 3>>
<<"before update: ", <<3>>>>
<<"after_update: ", <<3, 3>>>>
<<"after_update: ", <<3>>>>
<<"char: ", 1>>
<<"before update: ", <<>>>>
<<"after_update: ", <<1>>>>
<<"char: ", 1>>
<<"char: ", 1>>
<<"before update: ", <<>>>>
<<"char: ", 2>>
<<"before update: ", <<>>>>
<<"before update: ", <<>>>>
<<"after_update: ", <<2>>>>
<<"after_update: ", <<1>>>>
<<"char: ", 3>>
<<"char: ", 2>>
<<"before update: ", <<>>>>
<<"before update: ", <<>>>>
<<"after_update: ", <<3>>>>
<<"after_update: ", <<2>>>>
<<"char: ", 3>>
<<"before update: ", <<>>>>
<<"after_update: ", <<3>>>>
<<"char: ", 1>>
<<"before update: ", <<>>>>
<<"after_update: ", <<1>>>>
<<"char: ", 2>>
<<"before update: ", <<>>>>
<<"after_update: ", <<2>>>>
<<"char: ", 3>>
<<"before update: ", <<>>>>
<<"after_update: ", <<3>>>>
<<"after_update: ", <<1>>>>
<<"char: ", 1>>
<<"before update: ", <<>>>>
<<"after_update: ", <<1>>>>
<<"char: ", 2>>
<<"before update: ", <<>>>>
<<"after_update: ", <<2>>>>
<<"char: ", 3>>
<<"before update: ", <<>>>>
<<"after_update: ", <<3>>>>
<<"char: ", 1>>
<<"before update: ", <<1>>>>
<<"after_update: ", <<1, 1>>>>
<<"char: ", 2>>
<<"before update: ", <<1>>>>
<<"after_update: ", <<1, 2>>>>
<<"char: ", 3>>
<<"before update: ", <<1>>>>
<<"after_update: ", <<1, 3>>>>
<<"char: ", 2>>
<<"before update: ", <<>>>>
<<"char: ", 1>>
<<"after_update: ", <<2>>>>
<<"before update: ", <<>>>>
<<"char: ", 3>>
<<"after_update: ", <<1>>>>
<<"char: ", 2>>
<<"before update: ", <<>>>>
<<"after_update: ", <<2>>>>
<<"char: ", 3>>
<<"before update: ", <<>>>>
<<"after_update: ", <<3>>>>
<<"before update: ", <<>>>>
<<"after_update: ", <<3>>>>
<<"char: ", 1>>
<<"char: ", 1>>
<<"before update: ", <<2>>>>
<<"after_update: ", <<2, 1>>>>
<<"char: ", 2>>
<<"before update: ", <<2>>>>
<<"after_update: ", <<2, 2>>>>
<<"char: ", 3>>
<<"before update: ", <<2>>>>
<<"after_update: ", <<2, 3>>>>
<<"before update: ", <<>>>>
<<"after_update: ", <<1>>>>
<<"char: ", 2>>
<<"before update: ", <<>>>>
<<"after_update: ", <<2>>>>
<<"char: ", 3>>
<<"before update: ", <<>>>>
<<"after_update: ", <<3>>>>
<<"char: ", 1>>
<<"before update: ", <<2>>>>
<<"after_update: ", <<2, 1>>>>
<<"char: ", 2>>
<<"before update: ", <<2>>>>
<<"char: ", 1>>
<<"before update: ", <<2>>>>
<<"after_update: ", <<2, 1>>>>
<<"char: ", 2>>
<<"before update: ", <<2>>>>
<<"after_update: ", <<2, 2>>>>
<<"char: ", 3>>
<<"before update: ", <<2>>>>
<<"after_update: ", <<2, 3>>>>
<<"char: ", 1>>
<<"before update: ", <<3>>>>
<<"after_update: ", <<3, 1>>>>
<<"char: ", 2>>
<<"after_update: ", <<2, 2>>>>
<<"before update: ", <<3>>>>
<<"char: ", 3>>
<<"after_update: ", <<3, 2>>>>
<<"char: ", 3>>
<<"before update: ", <<3>>>>
<<"after_update: ", <<3, 3>>>>
<<"before update: ", <<2>>>>
<<"after_update: ", <<2, 3>>>>
<<"char: ", 1>>
<<"before update: ", <<>>>>
<<"char: ", 1>>
<<"after_update: ", <<1>>>>
<<"char: ", 2>>
<<"before update: ", <<>>>>
<<"char: ", 1>>
<<"before update: ", <<>>>>
<<"after_update: ", <<1>>>>
<<"char: ", 2>>
<<"before update: ", <<>>>>
<<"after_update: ", <<2>>>>
<<"char: ", 3>>
<<"before update: ", <<>>>>
<<"after_update: ", <<3>>>>
<<"char: ", 1>>
<<"before update: ", <<1>>>>
<<"after_update: ", <<1, 1>>>>
<<"char: ", 2>>
<<"before update: ", <<1>>>>
<<"before update: ", <<1>>>>
<<"after_update: ", <<1, 2>>>>
<<"after_update: ", <<1, 1>>>>
<<"char: ", 3>>
<<"char: ", 1>>
<<"before update: ", <<1>>>>
<<"after_update: ", <<2>>>>
<<"after_update: ", <<1, 3>>>>
<<"char: ", 1>>
<<"before update: ", <<>>>>
<<"after_update: ", <<1>>>>
<<"char: ", 2>>
<<"before update: ", <<>>>>
<<"after_update: ", <<2>>>>
<<"char: ", 3>>
<<"before update: ", <<>>>>
<<"before update: ", <<>>>>
<<"after_update: ", <<1>>>>
<<"char: ", 2>>
<<"before update: ", <<>>>>
<<"after_update: ", <<2>>>>
<<"char: ", 3>>
<<"before update: ", <<>>>>
<<"after_update: ", <<3>>>>
<<"char: ", 2>>
<<"before update: ", <<1>>>>
<<"after_update: ", <<1, 2>>>>
<<"char: ", 3>>
<<"before update: ", <<1>>>>
<<"after_update: ", <<3>>>>
<<"char: ", 3>>
<<"after_update: ", <<1, 3>>>>
<<"before update: ", <<>>>>
<<"after_update: ", <<3>>>>
<<"char: ", 1>>
<<"before update: ", <<1>>>>
<<"after_update: ", <<1, 1>>>>
<<"char: ", 2>>
<<"before update: ", <<1>>>>
<<"after_update: ", <<1, 2>>>>
<<"char: ", 3>>
<<"before update: ", <<1>>>>
<<"after_update: ", <<1, 3>>>>
<<"char: ", 1>>
<<"before update: ", <<>>>>
<<"after_update: ", <<1>>>>
<<"char: ", 1>>
<<"before update: ", <<>>>>
<<"char: ", 1>>
<<"before update: ", <<>>>>
<<"char: ", 2>>
<<"char: ", 1>>
<<"after_update: ", <<1>>>>
<<"before update: ", <<>>>>
<<"char: ", 2>>
<<"after_update: ", <<1>>>>
<<"after_update: ", <<1>>>>
<<"char: ", 2>>
<<"char: ", 2>>
<<"before update: ", <<>>>>
<<"before update: ", <<>>>>
<<"after_update: ", <<2>>>>
<<"after_update: ", <<2>>>>
<<"char: ", 3>>
<<"char: ", 3>>
<<"before update: ", <<>>>>
<<"before update: ", <<>>>>
<<"after_update: ", <<3>>>>
<<"before update: ", <<>>>>
<<"after_update: ", <<2>>>>
<<"char: ", 3>>
<<"before update: ", <<>>>>
<<"before update: ", <<>>>>
<<"after_update: ", <<2>>>>
<<"after_update: ", <<3>>>>
<<"char: ", 3>>
<<"before update: ", <<>>>>
<<"after_update: ", <<3>>>>
<<"char: ", 1>>
<<"before update: ", <<>>>>
<<"after_update: ", <<1>>>>
<<"char: ", 2>>
<<"before update: ", <<>>>>
<<"after_update: ", <<2>>>>
<<"char: ", 3>>
<<"before update: ", <<>>>>
<<"after_update: ", <<3>>>>
<<"char: ", 1>>
<<"before update: ", <<3>>>>
<<"after_update: ", <<3, 1>>>>
<<"char: ", 2>>
<<"before update: ", <<3>>>>
<<"after_update: ", <<3, 2>>>>
<<"char: ", 3>>
<<"before update: ", <<3>>>>
<<"after_update: ", <<3>>>>
<<"after_update: ", <<3, 3>>>>
<<"char: ", 1>>
<<"before update: ", <<2>>>>
<<"after_update: ", <<2, 1>>>>
<<"char: ", 1>>
<<"char: ", 2>>
<<"char: ", 1>>
<<"before update: ", <<2>>>>
<<"before update: ", <<2>>>>
<<"after_update: ", <<2, 2>>>>
<<"char: ", 1>>
<<"char: ", 3>>
<<"before update: ", <<>>>>
<<"before update: ", <<2>>>>
<<"after_update: ", <<1>>>>
<<"after_update: ", <<2, 3>>>>
<<"char: ", 2>>
<<"before update: ", <<>>>>
<<"after_update: ", <<2>>>>
<<"char: ", 3>>
<<"before update: ", <<>>>>
<<"after_update: ", <<3>>>>
<<"char: ", 1>>
<<"before update: ", <<>>>>
<<"after_update: ", <<1>>>>
<<"char: ", 2>>
<<"before update: ", <<>>>>
<<"after_update: ", <<2>>>>
<<"char: ", 3>>
<<"char: ", 1>>
<<"before update: ", <<>>>>
<<"before update: ", <<>>>>
<<"after_update: ", <<3>>>>
<<"after_update: ", <<1>>>>
<<"char: ", 2>>
<<"before update: ", <<>>>>
<<"before update: ", <<>>>>
<<"after_update: ", <<1>>>>
<<"char: ", 2>>
<<"before update: ", <<>>>>
<<"after_update: ", <<2>>>>
<<"char: ", 3>>
<<"before update: ", <<>>>>
<<"after_update: ", <<3>>>>
<<"after_update: ", <<2, 1>>>>
<<"char: ", 1>>
<<"before update: ", <<3>>>>
<<"after_update: ", <<2>>>>
<<"after_update: ", <<3, 1>>>>
<<"char: ", 3>>
<<"char: ", 2>>
<<"before update: ", <<3>>>>
<<"after_update: ", <<3, 2>>>>
<<"char: ", 3>>
<<"before update: ", <<3>>>>
<<"after_update: ", <<3, 3>>>>
<<"before update: ", <<>>>>
<<"after_update: ", <<3>>>>
<<"char: ", 1>>
<<"char: ", 2>>
<<"before update: ", <<3>>>>
<<"before update: ", <<2>>>>
<<"after_update: ", <<3, 1>>>>
<<"after_update: ", <<2, 2>>>>
<<"char: ", 2>>
<<"char: ", 3>>
<<"before update: ", <<2>>>>
<<"after_update: ", <<2, 3>>>>
<<"before update: ", <<3>>>>
<<"after_update: ", <<3, 2>>>>
<<"char: ", 3>>
<<"before update: ", <<3>>>>
<<"after_update: ", <<3, 3>>>>
<<"char: ", 1>>
<<"before update: ", <<3>>>>
<<"after_update: ", <<3, 1>>>>
<<"char: ", 2>>
<<"char: ", 1>>
<<"before update: ", <<3>>>>
<<"before update: ", <<1>>>>
<<"after_update: ", <<3, 2>>>>
<<"after_update: ", <<1, 1>>>>
<<"char: ", 3>>
<<"char: ", 2>>
<<"before update: ", <<3>>>>
<<"before update: ", <<1>>>>
<<"after_update: ", <<3, 3>>>>
<<"after_update: ", <<1, 2>>>>
<<"char: ", 3>>
<<"before update: ", <<1>>>>
<<"after_update: ", <<1, 3>>>>
<<"char: ", 1>>
<<"before update: ", <<3>>>>
<<"after_update: ", <<3, 1>>>>
<<"char: ", 2>>
<<"before update: ", <<3>>>>
<<"char: ", 1>>
<<"after_update: ", <<3, 2>>>>
<<"char: ", 3>>
<<"char: ", 1>>
<<"char: ", 1>>
<<"before update: ", <<3>>>>
<<"before update: ", <<2>>>>
<<"after_update: ", <<3, 1>>>>
<<"after_update: ", <<2, 1>>>>
<<"char: ", 2>>
<<"char: ", 2>>
<<"before update: ", <<3>>>>
<<"before update: ", <<2>>>>
<<"after_update: ", <<3, 2>>>>
<<"before update: ", <<2>>>>
<<"char: ", 3>>
<<"after_update: ", <<2, 1>>>>
<<"char: ", 2>>
<<"after_update: ", <<2, 2>>>>
<<"char: ", 3>>
<<"before update: ", <<2>>>>
<<"after_update: ", <<2, 3>>>>
<<"before update: ", <<3>>>>
<<"after_update: ", <<3, 3>>>>
<<"before update: ", <<2>>>>
<<"after_update: ", <<2, 2>>>>
<<"char: ", 3>>
<<"before update: ", <<2>>>>
<<"after_update: ", <<2, 3>>>>
<<"char: ", 1>>
<<"before update: ", <<2>>>>
<<"after_update: ", <<2, 1>>>>
<<"char: ", 2>>
<<"before update: ", <<2>>>>
<<"after_update: ", <<2, 2>>>>
<<"before update: ", <<3>>>>
<<"char: ", 3>>
<<"after_update: ", <<3, 3>>>>
<<"before update: ", <<2>>>>
<<"after_update: ", <<2, 3>>>>
<<"char: ", 1>>
<<"before update: ", <<3>>>>
<<"after_update: ", <<3, 1>>>>
<<"char: ", 1>>
<<"char: ", 1>>
<<"before update: ", <<2>>>>
<<"before update: ", <<1>>>>
<<"after_update: ", <<2, 1>>>>
<<"after_update: ", <<1, 1>>>>
<<"char: ", 2>>
<<"char: ", 2>>
<<"before update: ", <<1>>>>
<<"char: ", 2>>
<<"after_update: ", <<1, 2>>>>
<<"before update: ", <<2>>>>
<<"char: ", 3>>
<<"after_update: ", <<2, 2>>>>
<<"char: ", 3>>
<<"before update: ", <<2>>>>
<<"before update: ", <<3>>>>
<<"after_update: ", <<2, 3>>>>
<<"after_update: ", <<3, 2>>>>
<<"char: ", 3>>
<<"before update: ", <<1>>>>
<<"before update: ", <<3>>>>
<<"after_update: ", <<1, 3>>>>
<<"after_update: ", <<3, 3>>>>
<<"char: ", 1>>
<<"before update: ", <<1>>>>
<<"char: ", 1>>
<<"after_update: ", <<1, 1>>>>
<<"before update: ", <<1, 1>>>>
<<"char: ", 2>>
<<"before update: ", <<1>>>>
<<"after_update: ", <<1, 1, 1>>>>
<<"after_update: ", <<1, 2>>>>
<<"char: ", 1>>
<<"char: ", 3>>
<<"before update: ", <<3>>>>
<<"before update: ", <<1>>>>
<<"after_update: ", <<3, 1>>>>
<<"after_update: ", <<1, 3>>>>
<<"char: ", 2>>
<<"char: ", 2>>
<<"before update: ", <<3>>>>
<<"after_update: ", <<3, 2>>>>
<<"char: ", 3>>
<<"before update: ", <<3>>>>
<<"before update: ", <<1, 1>>>>
<<"after_update: ", <<3, 3>>>>
<<"after_update: ", <<1, 1, 2>>>>
<<"char: ", 3>>
<<"before update: ", <<1, 1>>>>
<<"after_update: ", <<1, 1, 3>>>>
@!@!@STARTMSG 2110:1 @!@!@
Invariant inv_154239190841745000 is violated.
@!@!@ENDMSG 2110 @!@!@
@!@!@STARTMSG 2121:1 @!@!@
The behavior up to this point is:
@!@!@ENDMSG 2121 @!@!@
<<"char: ", 1>>
<<"char: ", 1>>
<<"char: ", 1>>
<<"before update: ", <<1>>>>
<<"before update: ", <<>>>>
<<"after_update: ", <<1, 1>>>>
<<"after_update: ", <<1>>>>
<<"char: ", 2>>
<<"char: ", 2>>
<<"before update: ", <<1>>>>
<<"before update: ", <<>>>>
<<"after_update: ", <<1, 2>>>>
<<"after_update: ", <<2>>>>
<<"char: ", 3>>
<<"char: ", 3>>
<<"before update: ", <<1>>>>
<<"before update: ", <<>>>>
<<"after_update: ", <<1, 3>>>>
<<"before update: ", <<1, 2>>>>
<<"after_update: ", <<3>>>>
<<"after_update: ", <<1, 2, 1>>>>
<<"char: ", 2>>
<<"before update: ", <<1, 2>>>>
<<"after_update: ", <<1, 2, 2>>>>
<<"char: ", 3>>
<<"before update: ", <<1, 2>>>>
<<"after_update: ", <<1, 2, 3>>>>
<<"char: ", 1>>
<<"before update: ", <<>>>>
<<"after_update: ", <<1>>>>
<<"char: ", 2>>
<<"before update: ", <<>>>>
<<"after_update: ", <<2>>>>
<<"char: ", 3>>
<<"before update: ", <<>>>>
<<"after_update: ", <<3>>>>
<<"char: ", 1>>
<<"before update: ", <<1>>>>
<<"after_update: ", <<1, 1>>>>
<<"char: ", 2>>
<<"before update: ", <<1>>>>
<<"after_update: ", <<1, 2>>>>
<<"char: ", 3>>
<<"before update: ", <<1>>>>
<<"after_update: ", <<1, 3>>>>
@!@!@STARTMSG 2217:4 @!@!@
1: <Initial predicate>
/\ local_msgs = (c1 :> (c1 :> <<>> @@ c2 :> <<>>) @@ c2 :> (c1 :> <<>> @@ c2 :> <<>>))
/\ all_msgs = (c1 :> <<>> @@ c2 :> <<>>)
/\ pc = (c1 :> "Client" @@ c2 :> "Client" @@ Server :> "Serve")

@!@!@ENDMSG 2217 @!@!@
@!@!@STARTMSG 2217:4 @!@!@
2: <Client line 58, col 17 to line 62, col 55 of module main>
/\ local_msgs = (c1 :> (c1 :> <<>> @@ c2 :> <<>>) @@ c2 :> (c1 :> <<>> @@ c2 :> <<>>))
/\ all_msgs = (c1 :> <<>> @@ c2 :> <<>>)
/\ pc = (c1 :> "Delete" @@ c2 :> "Client" @@ Server :> "Serve")

@!@!@ENDMSG 2217 @!@!@
@!@!@STARTMSG 2217:4 @!@!@
3: <Client line 58, col 17 to line 62, col 55 of module main>
/\ local_msgs = (c1 :> (c1 :> <<>> @@ c2 :> <<>>) @@ c2 :> (c1 :> <<>> @@ c2 :> <<>>))
/\ all_msgs = (c1 :> <<>> @@ c2 :> <<>>)
/\ pc = (c1 :> "Delete" @@ c2 :> "Type" @@ Server :> "Serve")

@!@!@ENDMSG 2217 @!@!@
@!@!@STARTMSG 2217:4 @!@!@
4: <Type line 64, col 15 to line 74, col 37 of module main>
/\ local_msgs = (c1 :> (c1 :> <<>> @@ c2 :> <<>>) @@ c2 :> (c1 :> <<>> @@ c2 :> <<>>))
/\ all_msgs = (c1 :> <<>> @@ c2 :> <<1>>)
/\ pc = (c1 :> "Delete" @@ c2 :> "Client" @@ Server :> "Serve")

@!@!@ENDMSG 2217 @!@!@
@!@!@STARTMSG 2217:4 @!@!@
5: <Client line 58, col 17 to line 62, col 55 of module main>
/\ local_msgs = (c1 :> (c1 :> <<>> @@ c2 :> <<>>) @@ c2 :> (c1 :> <<>> @@ c2 :> <<>>))
/\ all_msgs = (c1 :> <<>> @@ c2 :> <<1>>)
/\ pc = (c1 :> "Delete" @@ c2 :> "Type" @@ Server :> "Serve")

@!@!@ENDMSG 2217 @!@!@
@!@!@STARTMSG 2217:4 @!@!@
6: <Type line 64, col 15 to line 74, col 37 of module main>
/\ local_msgs = (c1 :> (c1 :> <<>> @@ c2 :> <<>>) @@ c2 :> (c1 :> <<>> @@ c2 :> <<>>))
/\ all_msgs = (c1 :> <<>> @@ c2 :> <<1, 1>>)
/\ pc = (c1 :> "Delete" @@ c2 :> "Client" @@ Server :> "Serve")

@!@!@ENDMSG 2217 @!@!@
@!@!@STARTMSG 2217:4 @!@!@
7: <Client line 58, col 17 to line 62, col 55 of module main>
/\ local_msgs = (c1 :> (c1 :> <<>> @@ c2 :> <<>>) @@ c2 :> (c1 :> <<>> @@ c2 :> <<>>))
/\ all_msgs = (c1 :> <<>> @@ c2 :> <<1, 1>>)
/\ pc = (c1 :> "Delete" @@ c2 :> "Type" @@ Server :> "Serve")

@!@!@ENDMSG 2217 @!@!@
<<"char: ", 1>>
<<"before update: ", <<1, 1>>>>
<<"after_update: ", <<1, 1, 1>>>>
<<"char: ", 2>>
<<"before update: ", <<1, 1>>>>
<<"after_update: ", <<1, 1, 2>>>>
<<"char: ", 3>>
<<"before update: ", <<1, 1>>>>
<<"after_update: ", <<1, 1, 3>>>>
@!@!@STARTMSG 2217:4 @!@!@
8: <Type line 64, col 15 to line 74, col 37 of module main>
/\ local_msgs = (c1 :> (c1 :> <<>> @@ c2 :> <<>>) @@ c2 :> (c1 :> <<>> @@ c2 :> <<>>))
/\ all_msgs = (c1 :> <<>> @@ c2 :> <<1, 1, 1>>)
/\ pc = (c1 :> "Delete" @@ c2 :> "Client" @@ Server :> "Serve")

@!@!@ENDMSG 2217 @!@!@
<<"char: ", 1>>
<<"before update: ", <<1>>>>
<<"after_update: ", <<1, 1>>>>
<<"char: ", 2>>
<<"before update: ", <<1>>>>
<<"after_update: ", <<1, 2>>>>
<<"char: ", 3>>
<<"before update: ", <<1>>>>
<<"after_update: ", <<1, 3>>>>
@!@!@STARTMSG 2201:0 @!@!@
The coverage statistics at 2018-11-16 13:11:49
@!@!@ENDMSG 2201 @!@!@
@!@!@STARTMSG 2221:0 @!@!@
  line 59, col 26 to line 59, col 59 of module main: 240
@!@!@ENDMSG 2221 @!@!@
@!@!@STARTMSG 2221:0 @!@!@
  line 60, col 26 to line 60, col 61 of module main: 240
@!@!@ENDMSG 2221 @!@!@
@!@!@STARTMSG 2221:0 @!@!@
  line 61, col 26 to line 61, col 58 of module main: 240
@!@!@ENDMSG 2221 @!@!@
@!@!@STARTMSG 2221:0 @!@!@
  line 62, col 33 to line 62, col 40 of module main: 720
@!@!@ENDMSG 2221 @!@!@
@!@!@STARTMSG 2221:0 @!@!@
  line 62, col 43 to line 62, col 52 of module main: 720
@!@!@ENDMSG 2221 @!@!@
@!@!@STARTMSG 2221:0 @!@!@
  line 69, col 34 to line 69, col 98 of module main: 287
@!@!@ENDMSG 2221 @!@!@
@!@!@STARTMSG 2221:0 @!@!@
  line 72, col 39 to line 72, col 46 of module main: 0
@!@!@ENDMSG 2221 @!@!@
@!@!@STARTMSG 2221:0 @!@!@
  line 73, col 18 to line 73, col 53 of module main: 287
@!@!@ENDMSG 2221 @!@!@
@!@!@STARTMSG 2221:0 @!@!@
  line 74, col 28 to line 74, col 37 of module main: 287
@!@!@ENDMSG 2221 @!@!@
@!@!@STARTMSG 2221:0 @!@!@
  line 78, col 20 to line 78, col 55 of module main: 132
@!@!@ENDMSG 2221 @!@!@
@!@!@STARTMSG 2221:0 @!@!@
  line 79, col 33 to line 79, col 40 of module main: 132
@!@!@ENDMSG 2221 @!@!@
@!@!@STARTMSG 2221:0 @!@!@
  line 79, col 43 to line 79, col 52 of module main: 132
@!@!@ENDMSG 2221 @!@!@
@!@!@STARTMSG 2221:0 @!@!@
  line 82, col 17 to line 82, col 68 of module main: 115
@!@!@ENDMSG 2221 @!@!@
@!@!@STARTMSG 2221:0 @!@!@
  line 85, col 17 to line 85, col 52 of module main: 115
@!@!@ENDMSG 2221 @!@!@
@!@!@STARTMSG 2221:0 @!@!@
  line 86, col 27 to line 86, col 34 of module main: 115
@!@!@ENDMSG 2221 @!@!@
@!@!@STARTMSG 2221:0 @!@!@
  line 92, col 19 to line 92, col 52 of module main: 200
@!@!@ENDMSG 2221 @!@!@
@!@!@STARTMSG 2221:0 @!@!@
  line 93, col 32 to line 93, col 39 of module main: 200
@!@!@ENDMSG 2221 @!@!@
@!@!@STARTMSG 2221:0 @!@!@
  line 93, col 42 to line 93, col 51 of module main: 200
@!@!@ENDMSG 2221 @!@!@
@!@!@STARTMSG 2202:0 @!@!@
End of statistics.
@!@!@ENDMSG 2202 @!@!@
@!@!@STARTMSG 2200:0 @!@!@
Progress(8) at 2018-11-16 13:11:49: 1459 states generated (86,673 s/min), 743 distinct states found (44,138 ds/min), 449 states left on queue.
@!@!@ENDMSG 2200 @!@!@
@!@!@STARTMSG 2199:0 @!@!@
1459 states generated, 743 distinct states found, 449 states left on queue.
@!@!@ENDMSG 2199 @!@!@
@!@!@STARTMSG 2194:0 @!@!@
The depth of the complete state graph search is 8.
@!@!@ENDMSG 2194 @!@!@
@!@!@STARTMSG 2268:0 @!@!@
The average outdegree of the complete state graph is 3 (minimum is 0, the maximum 7 and the 95th percentile is 5).
@!@!@ENDMSG 2268 @!@!@
@!@!@STARTMSG 2186:0 @!@!@
Finished in 1336ms at (2018-11-16 13:11:49)
@!@!@ENDMSG 2186 @!@!@
