@!@!@STARTMSG 2262:0 @!@!@
TLC2 Version 2.13 of 18 July 2018
@!@!@ENDMSG 2262 @!@!@
@!@!@STARTMSG 2187:0 @!@!@
Running breadth-first search Model-Checking with seed 6231304209528563909 with 4 workers on 8 cores with 1214MB heap and 2730MB offheap memory (Mac OS X 10.13.6 x86_64, Oracle Corporation 1.8.0_162 x86_64).
@!@!@ENDMSG 2187 @!@!@
@!@!@STARTMSG 2220:0 @!@!@
Starting SANY...
@!@!@ENDMSG 2220 @!@!@
Parsing file /Users/dsherry/development/recurse2018/telepath/tla/main.toolbox/Model_1/MC.tla
Parsing file /Users/dsherry/development/recurse2018/telepath/tla/main.toolbox/Model_1/main.tla
Parsing file /Applications/TLA+ Toolbox.app/Contents/Eclipse/plugins/org.lamport.tlatools_1.0.0.201807180447/tla2sany/StandardModules/TLC.tla
Parsing file /Applications/TLA+ Toolbox.app/Contents/Eclipse/plugins/org.lamport.tlatools_1.0.0.201807180447/tla2sany/StandardModules/Integers.tla
Parsing file /Applications/TLA+ Toolbox.app/Contents/Eclipse/plugins/org.lamport.tlatools_1.0.0.201807180447/tla2sany/StandardModules/Sequences.tla
Parsing file /Applications/TLA+ Toolbox.app/Contents/Eclipse/plugins/org.lamport.tlatools_1.0.0.201807180447/tla2sany/StandardModules/Naturals.tla
Parsing file /Applications/TLA+ Toolbox.app/Contents/Eclipse/plugins/org.lamport.tlatools_1.0.0.201807180447/tla2sany/StandardModules/FiniteSets.tla
Semantic processing of module Naturals
Semantic processing of module Sequences
Semantic processing of module FiniteSets
Semantic processing of module TLC
Semantic processing of module Integers
Semantic processing of module main
Semantic processing of module MC
@!@!@STARTMSG 2219:0 @!@!@
SANY finished.
@!@!@ENDMSG 2219 @!@!@
@!@!@STARTMSG 2185:0 @!@!@
Starting... (2018-11-16 13:30:08)
@!@!@ENDMSG 2185 @!@!@
@!@!@STARTMSG 2212:0 @!@!@
Implied-temporal checking--satisfiability problem has 1 branches.
@!@!@ENDMSG 2212 @!@!@
@!@!@STARTMSG 2189:0 @!@!@
Computing initial states...
@!@!@ENDMSG 2189 @!@!@
@!@!@STARTMSG 2190:0 @!@!@
Finished computing initial states: 1 distinct state generated.
@!@!@ENDMSG 2190 @!@!@
@!@!@STARTMSG 2192:0 @!@!@
Checking temporal properties for the current state space with 92764 total distinct states at (2018-11-16 13:30:12)
@!@!@ENDMSG 2192 @!@!@
@!@!@STARTMSG 2116:1 @!@!@
Temporal properties were violated.

@!@!@ENDMSG 2116 @!@!@
@!@!@STARTMSG 2264:1 @!@!@
The following behavior constitutes a counter-example:

@!@!@ENDMSG 2264 @!@!@
@!@!@STARTMSG 2217:4 @!@!@
1: <Initial predicate>
/\ local_msgs = (c1 :> (c1 :> <<>> @@ c2 :> <<>>) @@ c2 :> (c1 :> <<>> @@ c2 :> <<>>))
/\ all_msgs = (c1 :> <<>> @@ c2 :> <<>>)
/\ pc = (c1 :> "Client" @@ c2 :> "Client")

@!@!@ENDMSG 2217 @!@!@
@!@!@STARTMSG 2217:4 @!@!@
2: <Client line 49, col 17 to line 53, col 55 of module main>
/\ local_msgs = (c1 :> (c1 :> <<>> @@ c2 :> <<>>) @@ c2 :> (c1 :> <<>> @@ c2 :> <<>>))
/\ all_msgs = (c1 :> <<>> @@ c2 :> <<>>)
/\ pc = (c1 :> "Type" @@ c2 :> "Client")

@!@!@ENDMSG 2217 @!@!@
@!@!@STARTMSG 2217:4 @!@!@
3: <Client line 49, col 17 to line 53, col 55 of module main>
/\ local_msgs = (c1 :> (c1 :> <<>> @@ c2 :> <<>>) @@ c2 :> (c1 :> <<>> @@ c2 :> <<>>))
/\ all_msgs = (c1 :> <<>> @@ c2 :> <<>>)
/\ pc = (c1 :> "Type" @@ c2 :> "Type")

@!@!@ENDMSG 2217 @!@!@
@!@!@STARTMSG 2217:4 @!@!@
4: <Type line 55, col 15 to line 62, col 37 of module main>
/\ local_msgs = (c1 :> (c1 :> <<>> @@ c2 :> <<>>) @@ c2 :> (c1 :> <<>> @@ c2 :> <<>>))
/\ all_msgs = (c1 :> <<>> @@ c2 :> <<3>>)
/\ pc = (c1 :> "Type" @@ c2 :> "Client")

@!@!@ENDMSG 2217 @!@!@
@!@!@STARTMSG 2217:4 @!@!@
5: <Client line 49, col 17 to line 53, col 55 of module main>
/\ local_msgs = (c1 :> (c1 :> <<>> @@ c2 :> <<>>) @@ c2 :> (c1 :> <<>> @@ c2 :> <<>>))
/\ all_msgs = (c1 :> <<>> @@ c2 :> <<3>>)
/\ pc = (c1 :> "Type" @@ c2 :> "Type")

@!@!@ENDMSG 2217 @!@!@
@!@!@STARTMSG 2217:4 @!@!@
6: <Type line 55, col 15 to line 62, col 37 of module main>
/\ local_msgs = (c1 :> (c1 :> <<>> @@ c2 :> <<>>) @@ c2 :> (c1 :> <<>> @@ c2 :> <<>>))
/\ all_msgs = (c1 :> <<3>> @@ c2 :> <<3>>)
/\ pc = (c1 :> "Client" @@ c2 :> "Type")

@!@!@ENDMSG 2217 @!@!@
@!@!@STARTMSG 2217:4 @!@!@
7: <Client line 49, col 17 to line 53, col 55 of module main>
/\ local_msgs = (c1 :> (c1 :> <<>> @@ c2 :> <<>>) @@ c2 :> (c1 :> <<>> @@ c2 :> <<>>))
/\ all_msgs = (c1 :> <<3>> @@ c2 :> <<3>>)
/\ pc = (c1 :> "Type" @@ c2 :> "Type")

@!@!@ENDMSG 2217 @!@!@
@!@!@STARTMSG 2217:4 @!@!@
8: <Type line 55, col 15 to line 62, col 37 of module main>
/\ local_msgs = (c1 :> (c1 :> <<>> @@ c2 :> <<>>) @@ c2 :> (c1 :> <<>> @@ c2 :> <<>>))
/\ all_msgs = (c1 :> <<3>> @@ c2 :> <<3, 1>>)
/\ pc = (c1 :> "Type" @@ c2 :> "Client")

@!@!@ENDMSG 2217 @!@!@
@!@!@STARTMSG 2217:4 @!@!@
9: <Client line 49, col 17 to line 53, col 55 of module main>
/\ local_msgs = (c1 :> (c1 :> <<>> @@ c2 :> <<>>) @@ c2 :> (c1 :> <<>> @@ c2 :> <<>>))
/\ all_msgs = (c1 :> <<3>> @@ c2 :> <<3, 1>>)
/\ pc = (c1 :> "Type" @@ c2 :> "Get")

@!@!@ENDMSG 2217 @!@!@
@!@!@STARTMSG 2217:4 @!@!@
10: <Get line 69, col 14 to line 74, col 34 of module main>
/\ local_msgs = (c1 :> (c1 :> <<>> @@ c2 :> <<>>) @@ c2 :> (c1 :> <<3>> @@ c2 :> <<3, 1>>))
/\ all_msgs = (c1 :> <<3>> @@ c2 :> <<3, 1>>)
/\ pc = (c1 :> "Type" @@ c2 :> "Client")

@!@!@ENDMSG 2217 @!@!@
@!@!@STARTMSG 2217:4 @!@!@
11: <Type line 55, col 15 to line 62, col 37 of module main>
/\ local_msgs = (c1 :> (c1 :> <<>> @@ c2 :> <<>>) @@ c2 :> (c1 :> <<3>> @@ c2 :> <<3, 1>>))
/\ all_msgs = (c1 :> <<3, 3>> @@ c2 :> <<3, 1>>)
/\ pc = (c1 :> "Client" @@ c2 :> "Client")

@!@!@ENDMSG 2217 @!@!@
@!@!@STARTMSG 2217:4 @!@!@
12: <Client line 49, col 17 to line 53, col 55 of module main>
/\ local_msgs = (c1 :> (c1 :> <<>> @@ c2 :> <<>>) @@ c2 :> (c1 :> <<3>> @@ c2 :> <<3, 1>>))
/\ all_msgs = (c1 :> <<3, 3>> @@ c2 :> <<3, 1>>)
/\ pc = (c1 :> "Get" @@ c2 :> "Client")

@!@!@ENDMSG 2217 @!@!@
@!@!@STARTMSG 2217:4 @!@!@
13: <Get line 69, col 14 to line 74, col 34 of module main>
/\ local_msgs = ( c1 :> (c1 :> <<3, 3>> @@ c2 :> <<3, 1>>) @@
  c2 :> (c1 :> <<3>> @@ c2 :> <<3, 1>>) )
/\ all_msgs = (c1 :> <<3, 3>> @@ c2 :> <<3, 1>>)
/\ pc = (c1 :> "Client" @@ c2 :> "Client")

@!@!@ENDMSG 2217 @!@!@
@!@!@STARTMSG 2217:4 @!@!@
14: <Client line 49, col 17 to line 53, col 55 of module main>
/\ local_msgs = ( c1 :> (c1 :> <<3, 3>> @@ c2 :> <<3, 1>>) @@
  c2 :> (c1 :> <<3>> @@ c2 :> <<3, 1>>) )
/\ all_msgs = (c1 :> <<3, 3>> @@ c2 :> <<3, 1>>)
/\ pc = (c1 :> "Get" @@ c2 :> "Client")

@!@!@ENDMSG 2217 @!@!@
@!@!@STARTMSG 2217:4 @!@!@
15: <Get line 69, col 14 to line 74, col 34 of module main>
/\ local_msgs = ( c1 :> (c1 :> <<3, 3>> @@ c2 :> <<3, 1>>) @@
  c2 :> (c1 :> <<3>> @@ c2 :> <<3, 1>>) )
/\ all_msgs = (c1 :> <<3, 3>> @@ c2 :> <<3, 1>>)
/\ pc = (c1 :> "Client" @@ c2 :> "Client")

@!@!@ENDMSG 2217 @!@!@
@!@!@STARTMSG 2217:4 @!@!@
16: <Client line 49, col 17 to line 53, col 55 of module main>
/\ local_msgs = ( c1 :> (c1 :> <<3, 3>> @@ c2 :> <<3, 1>>) @@
  c2 :> (c1 :> <<3>> @@ c2 :> <<3, 1>>) )
/\ all_msgs = (c1 :> <<3, 3>> @@ c2 :> <<3, 1>>)
/\ pc = (c1 :> "Client" @@ c2 :> "Delete")

@!@!@ENDMSG 2217 @!@!@
@!@!@STARTMSG 2122:4 @!@!@
13: Back to state: <Delete line 64, col 17 to line 67, col 55 of module main>

@!@!@ENDMSG 2122 @!@!@
@!@!@STARTMSG 2267:0 @!@!@
Finished checking temporal properties in 00s at 2018-11-16 13:30:12
@!@!@ENDMSG 2267 @!@!@
@!@!@STARTMSG 2201:0 @!@!@
The coverage statistics at 2018-11-16 13:30:12
@!@!@ENDMSG 2201 @!@!@
@!@!@STARTMSG 2221:0 @!@!@
  line 50, col 26 to line 50, col 59 of module main: 56288
@!@!@ENDMSG 2221 @!@!@
@!@!@STARTMSG 2221:0 @!@!@
  line 51, col 26 to line 51, col 61 of module main: 56288
@!@!@ENDMSG 2221 @!@!@
@!@!@STARTMSG 2221:0 @!@!@
  line 52, col 26 to line 52, col 58 of module main: 56288
@!@!@ENDMSG 2221 @!@!@
@!@!@STARTMSG 2221:0 @!@!@
  line 53, col 33 to line 53, col 40 of module main: 168864
@!@!@ENDMSG 2221 @!@!@
@!@!@STARTMSG 2221:0 @!@!@
  line 53, col 43 to line 53, col 52 of module main: 168864
@!@!@ENDMSG 2221 @!@!@
@!@!@STARTMSG 2221:0 @!@!@
  line 58, col 31 to line 58, col 95 of module main: 25008
@!@!@ENDMSG 2221 @!@!@
@!@!@STARTMSG 2221:0 @!@!@
  line 60, col 39 to line 60, col 46 of module main: 34746
@!@!@ENDMSG 2221 @!@!@
@!@!@STARTMSG 2221:0 @!@!@
  line 61, col 18 to line 61, col 53 of module main: 59754
@!@!@ENDMSG 2221 @!@!@
@!@!@STARTMSG 2221:0 @!@!@
  line 62, col 28 to line 62, col 37 of module main: 59754
@!@!@ENDMSG 2221 @!@!@
@!@!@STARTMSG 2221:0 @!@!@
  line 66, col 20 to line 66, col 55 of module main: 43080
@!@!@ENDMSG 2221 @!@!@
@!@!@STARTMSG 2221:0 @!@!@
  line 67, col 33 to line 67, col 40 of module main: 43080
@!@!@ENDMSG 2221 @!@!@
@!@!@STARTMSG 2221:0 @!@!@
  line 67, col 43 to line 67, col 52 of module main: 43080
@!@!@ENDMSG 2221 @!@!@
@!@!@STARTMSG 2221:0 @!@!@
  line 70, col 17 to line 70, col 68 of module main: 43078
@!@!@ENDMSG 2221 @!@!@
@!@!@STARTMSG 2221:0 @!@!@
  line 73, col 17 to line 73, col 52 of module main: 43078
@!@!@ENDMSG 2221 @!@!@
@!@!@STARTMSG 2221:0 @!@!@
  line 74, col 27 to line 74, col 34 of module main: 43078
@!@!@ENDMSG 2221 @!@!@
@!@!@STARTMSG 2202:0 @!@!@
End of statistics.
@!@!@ENDMSG 2202 @!@!@
@!@!@STARTMSG 2200:0 @!@!@
Progress(15) at 2018-11-16 13:30:12: 314777 states generated (4,570,818 s/min), 112576 distinct states found (1,634,695 ds/min), 19812 states left on queue.
@!@!@ENDMSG 2200 @!@!@
@!@!@STARTMSG 2199:0 @!@!@
314777 states generated, 112576 distinct states found, 19812 states left on queue.
@!@!@ENDMSG 2199 @!@!@
@!@!@STARTMSG 2186:0 @!@!@
Finished in 4495ms at (2018-11-16 13:30:12)
@!@!@ENDMSG 2186 @!@!@
