@!@!@STARTMSG 2262:0 @!@!@
TLC2 Version 2.13 of 18 July 2018
@!@!@ENDMSG 2262 @!@!@
@!@!@STARTMSG 2187:0 @!@!@
Running breadth-first search Model-Checking with seed -2363454086865040503 with 4 workers on 8 cores with 1214MB heap and 2730MB offheap memory (Mac OS X 10.13.6 x86_64, Oracle Corporation 1.8.0_162 x86_64).
@!@!@ENDMSG 2187 @!@!@
@!@!@STARTMSG 2220:0 @!@!@
Starting SANY...
@!@!@ENDMSG 2220 @!@!@
Parsing file /Users/dsherry/development/recurse2018/telepath/tla/main.toolbox/Model_1/MC.tla
Parsing file /Users/dsherry/development/recurse2018/telepath/tla/main.toolbox/Model_1/main.tla
Parsing file /Applications/TLA+ Toolbox.app/Contents/Eclipse/plugins/org.lamport.tlatools_1.0.0.201807180447/tla2sany/StandardModules/TLC.tla
Parsing file /Applications/TLA+ Toolbox.app/Contents/Eclipse/plugins/org.lamport.tlatools_1.0.0.201807180447/tla2sany/StandardModules/Integers.tla
Parsing file /Applications/TLA+ Toolbox.app/Contents/Eclipse/plugins/org.lamport.tlatools_1.0.0.201807180447/tla2sany/StandardModules/Sequences.tla
Parsing file /Applications/TLA+ Toolbox.app/Contents/Eclipse/plugins/org.lamport.tlatools_1.0.0.201807180447/tla2sany/StandardModules/Naturals.tla
Parsing file /Applications/TLA+ Toolbox.app/Contents/Eclipse/plugins/org.lamport.tlatools_1.0.0.201807180447/tla2sany/StandardModules/FiniteSets.tla
Semantic processing of module Naturals
Semantic processing of module Sequences
Semantic processing of module FiniteSets
Semantic processing of module TLC
Semantic processing of module Integers
Semantic processing of module main
Semantic processing of module MC
@!@!@STARTMSG 2219:0 @!@!@
SANY finished.
@!@!@ENDMSG 2219 @!@!@
@!@!@STARTMSG 2185:0 @!@!@
Starting... (2018-11-16 13:09:18)
@!@!@ENDMSG 2185 @!@!@
@!@!@STARTMSG 2189:0 @!@!@
Computing initial states...
@!@!@ENDMSG 2189 @!@!@
@!@!@STARTMSG 2190:0 @!@!@
Finished computing initial states: 1 distinct state generated.
@!@!@ENDMSG 2190 @!@!@
<<"char: ", 1>>
<<"char: ", 1>>
<<"char: ", 1>>
<<"before update: ", <<>>>>
<<"before update: ", <<>>>>
<<"before update: ", <<>>>>
<<"after_update: ", <<1>>>>
<<"after_update: ", <<1>>>>
<<"char: ", 2>>
<<"char: ", 2>>
<<"before update: ", <<>>>>
<<"before update: ", <<>>>>
<<"after_update: ", <<1>>>>
<<"after_update: ", <<2>>>>
<<"after_update: ", <<2>>>>
<<"char: ", 3>>
<<"before update: ", <<>>>>
<<"char: ", 3>>
<<"char: ", 2>>
<<"before update: ", <<>>>>
<<"after_update: ", <<3>>>>
<<"char: ", 1>>
<<"before update: ", <<>>>>
<<"after_update: ", <<2>>>>
<<"char: ", 3>>
<<"before update: ", <<>>>>
<<"before update: ", <<>>>>
<<"after_update: ", <<3>>>>
<<"after_update: ", <<3>>>>
<<"after_update: ", <<1>>>>
<<"char: ", 2>>
<<"before update: ", <<>>>>
<<"after_update: ", <<2>>>>
<<"char: ", 3>>
<<"before update: ", <<>>>>
<<"after_update: ", <<3>>>>
<<"char: ", 1>>
<<"before update: ", <<>>>>
<<"after_update: ", <<1>>>>
<<"char: ", 2>>
<<"before update: ", <<>>>>
<<"after_update: ", <<2>>>>
<<"char: ", 3>>
<<"before update: ", <<>>>>
<<"char: ", 1>>
<<"before update: ", <<>>>>
<<"after_update: ", <<1>>>>
<<"char: ", 2>>
<<"char: ", 1>>
<<"before update: ", <<>>>>
<<"before update: ", <<>>>>
<<"after_update: ", <<2>>>>
<<"char: ", 3>>
<<"before update: ", <<>>>>
<<"after_update: ", <<3>>>>
<<"char: ", 1>>
<<"before update: ", <<>>>>
<<"after_update: ", <<1>>>>
<<"after_update: ", <<1>>>>
<<"char: ", 2>>
<<"before update: ", <<>>>>
<<"after_update: ", <<2>>>>
<<"char: ", 3>>
<<"before update: ", <<>>>>
<<"after_update: ", <<3>>>>
<<"after_update: ", <<3>>>>
<<"char: ", 1>>
<<"before update: ", <<>>>>
<<"after_update: ", <<1>>>>
<<"char: ", 2>>
<<"before update: ", <<>>>>
<<"after_update: ", <<2>>>>
<<"char: ", 3>>
<<"before update: ", <<>>>>
<<"after_update: ", <<3>>>>
<<"char: ", 2>>
<<"char: ", 1>>
<<"before update: ", <<>>>>
<<"before update: ", <<>>>>
<<"after_update: ", <<1>>>>
<<"after_update: ", <<2>>>>
<<"char: ", 2>>
<<"before update: ", <<>>>>
<<"char: ", 3>>
<<"before update: ", <<>>>>
<<"after_update: ", <<3>>>>
<<"char: ", 1>>
<<"after_update: ", <<2>>>>
<<"char: ", 3>>
<<"before update: ", <<>>>>
<<"after_update: ", <<3>>>>
<<"before update: ", <<>>>>
<<"char: ", 1>>
<<"before update: ", <<>>>>
<<"after_update: ", <<1>>>>
<<"after_update: ", <<1>>>>
<<"char: ", 2>>
<<"before update: ", <<>>>>
<<"char: ", 2>>
<<"after_update: ", <<2>>>>
<<"before update: ", <<>>>>
<<"char: ", 3>>
<<"before update: ", <<>>>>
<<"after_update: ", <<3>>>>
<<"char: ", 1>>
<<"before update: ", <<>>>>
<<"after_update: ", <<1>>>>
<<"char: ", 2>>
<<"before update: ", <<>>>>
<<"after_update: ", <<2>>>>
<<"char: ", 3>>
<<"before update: ", <<>>>>
<<"after_update: ", <<3>>>>
<<"char: ", 1>>
<<"char: ", 1>>
<<"before update: ", <<>>>>
<<"after_update: ", <<1>>>>
<<"char: ", 2>>
<<"before update: ", <<>>>>
<<"after_update: ", <<2>>>>
<<"char: ", 3>>
<<"char: ", 1>>
<<"before update: ", <<>>>>
<<"before update: ", <<>>>>
<<"after_update: ", <<1>>>>
<<"before update: ", <<>>>>
<<"after_update: ", <<3>>>>
<<"after_update: ", <<2>>>>
<<"char: ", 3>>
<<"char: ", 2>>
<<"before update: ", <<>>>>
<<"after_update: ", <<2>>>>
<<"char: ", 3>>
<<"before update: ", <<>>>>
<<"after_update: ", <<3>>>>
<<"char: ", 1>>
<<"before update: ", <<>>>>
<<"after_update: ", <<1>>>>
<<"char: ", 2>>
<<"before update: ", <<>>>>
<<"after_update: ", <<2>>>>
<<"char: ", 3>>
<<"before update: ", <<>>>>
<<"after_update: ", <<1>>>>
<<"before update: ", <<>>>>
<<"char: ", 2>>
<<"before update: ", <<>>>>
<<"after_update: ", <<3>>>>
<<"after_update: ", <<2>>>>
<<"char: ", 3>>
<<"after_update: ", <<3>>>>
<<"char: ", 1>>
<<"before update: ", <<>>>>
<<"after_update: ", <<1>>>>
<<"char: ", 2>>
<<"before update: ", <<>>>>
<<"after_update: ", <<2>>>>
<<"char: ", 3>>
<<"before update: ", <<>>>>
<<"after_update: ", <<3>>>>
<<"before update: ", <<>>>>
<<"after_update: ", <<3>>>>
<<"char: ", 1>>
<<"before update: ", <<>>>>
<<"after_update: ", <<1>>>>
<<"char: ", 2>>
<<"before update: ", <<>>>>
<<"after_update: ", <<2>>>>
<<"char: ", 3>>
<<"before update: ", <<>>>>
<<"char: ", 1>>
<<"after_update: ", <<3>>>>
<<"before update: ", <<>>>>
<<"after_update: ", <<1>>>>
<<"char: ", 2>>
<<"before update: ", <<>>>>
<<"after_update: ", <<2>>>>
<<"char: ", 3>>
<<"before update: ", <<>>>>
<<"char: ", 1>>
<<"char: ", 1>>
<<"before update: ", <<>>>>
<<"char: ", 1>>
<<"after_update: ", <<1>>>>
<<"before update: ", <<>>>>
<<"before update: ", <<>>>>
<<"after_update: ", <<1>>>>
<<"char: ", 2>>
<<"before update: ", <<>>>>
<<"after_update: ", <<2>>>>
<<"char: ", 3>>
<<"before update: ", <<>>>>
<<"after_update: ", <<3>>>>
<<"after_update: ", <<1>>>>
<<"char: ", 2>>
<<"before update: ", <<>>>>
<<"after_update: ", <<2>>>>
<<"char: ", 3>>
<<"before update: ", <<>>>>
<<"after_update: ", <<3>>>>
<<"char: ", 1>>
<<"char: ", 2>>
<<"before update: ", <<>>>>
<<"before update: ", <<>>>>
<<"after_update: ", <<1>>>>
<<"after_update: ", <<2>>>>
<<"char: ", 2>>
<<"char: ", 3>>
<<"before update: ", <<>>>>
<<"after_update: ", <<3>>>>
<<"after_update: ", <<3>>>>
<<"before update: ", <<>>>>
<<"after_update: ", <<2>>>>
<<"char: ", 3>>
<<"before update: ", <<>>>>
<<"char: ", 1>>
<<"before update: ", <<>>>>
<<"after_update: ", <<1>>>>
<<"char: ", 2>>
<<"before update: ", <<>>>>
<<"after_update: ", <<2>>>>
<<"char: ", 3>>
<<"before update: ", <<>>>>
<<"after_update: ", <<3>>>>
<<"char: ", 1>>
<<"before update: ", <<>>>>
<<"after_update: ", <<1>>>>
<<"after_update: ", <<3>>>>
<<"char: ", 2>>
<<"before update: ", <<>>>>
<<"after_update: ", <<2>>>>
<<"char: ", 1>>
<<"char: ", 3>>
<<"before update: ", <<>>>>
<<"before update: ", <<>>>>
<<"char: ", 1>>
<<"before update: ", <<>>>>
<<"after_update: ", <<3>>>>
<<"after_update: ", <<1>>>>
<<"char: ", 2>>
<<"before update: ", <<>>>>
<<"after_update: ", <<2>>>>
<<"char: ", 3>>
<<"before update: ", <<>>>>
<<"char: ", 1>>
<<"before update: ", <<>>>>
<<"after_update: ", <<1>>>>
<<"after_update: ", <<1>>>>
<<"char: ", 2>>
<<"char: ", 2>>
<<"before update: ", <<>>>>
<<"before update: ", <<>>>>
<<"after_update: ", <<2>>>>
<<"char: ", 3>>
<<"after_update: ", <<3>>>>
<<"before update: ", <<>>>>
<<"after_update: ", <<2>>>>
<<"after_update: ", <<3>>>>
<<"char: ", 3>>
<<"before update: ", <<>>>>
<<"char: ", 1>>
<<"after_update: ", <<3>>>>
<<"before update: ", <<>>>>
<<"after_update: ", <<1>>>>
<<"char: ", 1>>
<<"before update: ", <<>>>>
<<"char: ", 1>>
<<"before update: ", <<>>>>
<<"after_update: ", <<1>>>>
<<"char: ", 2>>
<<"char: ", 2>>
<<"after_update: ", <<1>>>>
<<"before update: ", <<>>>>
<<"char: ", 2>>
<<"before update: ", <<>>>>
<<"before update: ", <<>>>>
<<"after_update: ", <<2>>>>
<<"after_update: ", <<2>>>>
<<"char: ", 3>>
<<"char: ", 3>>
<<"before update: ", <<>>>>
<<"before update: ", <<>>>>
<<"after_update: ", <<2>>>>
<<"after_update: ", <<3>>>>
<<"after_update: ", <<3>>>>
<<"char: ", 3>>
<<"before update: ", <<>>>>
<<"after_update: ", <<3>>>>
@!@!@STARTMSG 2193:0 @!@!@
Model checking completed. No error has been found.
  Estimates of the probability that TLC did not check all reachable states
  because two distinct states had the same fingerprint:
  calculated (optimistic):  val = 1.6E-15
  based on the actual fingerprints:  val = 6.0E-15
@!@!@ENDMSG 2193 @!@!@
@!@!@STARTMSG 2201:0 @!@!@
The coverage statistics at 2018-11-16 13:09:25
@!@!@ENDMSG 2201 @!@!@
@!@!@STARTMSG 2221:0 @!@!@
  line 46, col 12 to line 46, col 19 of module main: 22
@!@!@ENDMSG 2221 @!@!@
@!@!@STARTMSG 2221:0 @!@!@
  line 46, col 22 to line 46, col 23 of module main: 22
@!@!@ENDMSG 2221 @!@!@
@!@!@STARTMSG 2221:0 @!@!@
  line 46, col 26 to line 46, col 35 of module main: 22
@!@!@ENDMSG 2221 @!@!@
@!@!@STARTMSG 2221:0 @!@!@
  line 46, col 38 to line 46, col 40 of module main: 22
@!@!@ENDMSG 2221 @!@!@
@!@!@STARTMSG 2221:0 @!@!@
  line 60, col 26 to line 60, col 59 of module main: 32
@!@!@ENDMSG 2221 @!@!@
@!@!@STARTMSG 2221:0 @!@!@
  line 61, col 26 to line 61, col 61 of module main: 32
@!@!@ENDMSG 2221 @!@!@
@!@!@STARTMSG 2221:0 @!@!@
  line 62, col 26 to line 62, col 58 of module main: 32
@!@!@ENDMSG 2221 @!@!@
@!@!@STARTMSG 2221:0 @!@!@
  line 63, col 33 to line 63, col 40 of module main: 96
@!@!@ENDMSG 2221 @!@!@
@!@!@STARTMSG 2221:0 @!@!@
  line 63, col 43 to line 63, col 52 of module main: 96
@!@!@ENDMSG 2221 @!@!@
@!@!@STARTMSG 2221:0 @!@!@
  line 63, col 55 to line 63, col 57 of module main: 96
@!@!@ENDMSG 2221 @!@!@
@!@!@STARTMSG 2221:0 @!@!@
  line 70, col 34 to line 70, col 98 of module main: 96
@!@!@ENDMSG 2221 @!@!@
@!@!@STARTMSG 2221:0 @!@!@
  line 73, col 39 to line 73, col 46 of module main: 0
@!@!@ENDMSG 2221 @!@!@
@!@!@STARTMSG 2221:0 @!@!@
  line 74, col 18 to line 74, col 51 of module main: 96
@!@!@ENDMSG 2221 @!@!@
@!@!@STARTMSG 2221:0 @!@!@
  line 75, col 31 to line 75, col 40 of module main: 96
@!@!@ENDMSG 2221 @!@!@
@!@!@STARTMSG 2221:0 @!@!@
  line 75, col 43 to line 75, col 45 of module main: 96
@!@!@ENDMSG 2221 @!@!@
@!@!@STARTMSG 2221:0 @!@!@
  line 79, col 20 to line 79, col 53 of module main: 32
@!@!@ENDMSG 2221 @!@!@
@!@!@STARTMSG 2221:0 @!@!@
  line 80, col 33 to line 80, col 40 of module main: 32
@!@!@ENDMSG 2221 @!@!@
@!@!@STARTMSG 2221:0 @!@!@
  line 80, col 43 to line 80, col 52 of module main: 32
@!@!@ENDMSG 2221 @!@!@
@!@!@STARTMSG 2221:0 @!@!@
  line 80, col 55 to line 80, col 57 of module main: 32
@!@!@ENDMSG 2221 @!@!@
@!@!@STARTMSG 2221:0 @!@!@
  line 83, col 17 to line 83, col 68 of module main: 32
@!@!@ENDMSG 2221 @!@!@
@!@!@STARTMSG 2221:0 @!@!@
  line 86, col 17 to line 86, col 50 of module main: 32
@!@!@ENDMSG 2221 @!@!@
@!@!@STARTMSG 2221:0 @!@!@
  line 87, col 30 to line 87, col 37 of module main: 32
@!@!@ENDMSG 2221 @!@!@
@!@!@STARTMSG 2221:0 @!@!@
  line 87, col 40 to line 87, col 42 of module main: 32
@!@!@ENDMSG 2221 @!@!@
@!@!@STARTMSG 2221:0 @!@!@
  line 93, col 19 to line 93, col 52 of module main: 70
@!@!@ENDMSG 2221 @!@!@
@!@!@STARTMSG 2221:0 @!@!@
  line 94, col 32 to line 94, col 39 of module main: 70
@!@!@ENDMSG 2221 @!@!@
@!@!@STARTMSG 2221:0 @!@!@
  line 94, col 42 to line 94, col 51 of module main: 70
@!@!@ENDMSG 2221 @!@!@
@!@!@STARTMSG 2221:0 @!@!@
  line 94, col 54 to line 94, col 56 of module main: 70
@!@!@ENDMSG 2221 @!@!@
@!@!@STARTMSG 2202:0 @!@!@
End of statistics.
@!@!@ENDMSG 2202 @!@!@
@!@!@STARTMSG 2200:0 @!@!@
Progress(6) at 2018-11-16 13:09:25: 349 states generated (3,233 s/min), 140 distinct states found (1,297 ds/min), 0 states left on queue.
@!@!@ENDMSG 2200 @!@!@
@!@!@STARTMSG 2199:0 @!@!@
349 states generated, 140 distinct states found, 0 states left on queue.
@!@!@ENDMSG 2199 @!@!@
@!@!@STARTMSG 2194:0 @!@!@
The depth of the complete state graph search is 6.
@!@!@ENDMSG 2194 @!@!@
@!@!@STARTMSG 2268:0 @!@!@
The average outdegree of the complete state graph is 1 (minimum is 0, the maximum 7 and the 95th percentile is 4).
@!@!@ENDMSG 2268 @!@!@
@!@!@STARTMSG 2186:0 @!@!@
Finished in 6817ms at (2018-11-16 13:09:25)
@!@!@ENDMSG 2186 @!@!@
